Created article: makale-ik-yazilimi-secim-rehberi-2026.html
Inserted blog card: makale-ik-yazilimi-secim-rehberi-2026.html
Added sitemap url: makale-ik-yazilimi-secim-rehberi-2026.html
Published posts in this run: 1
Article already exists: makale-ik-yazilimi-secim-rehberi-2026.html
Blog card already exists: makale-ik-yazilimi-secim-rehberi-2026.html
Sitemap url already exists: https://www.cadro.io/makale-ik-yazilimi-secim-rehberi-2026.html
Published posts in this run (lang=tr): 1
Created article: en/makale-ik-yazilimi-secim-rehberi-2026.html
Inserted blog card: en/makale-ik-yazilimi-secim-rehberi-2026.html
Added sitemap url: https://www.cadro.io/en/makale-ik-yazilimi-secim-rehberi-2026.html
Published posts in this run (lang=en): 1
Created article: de/makale-ik-yazilimi-secim-rehberi-2026.html
Inserted blog card: de/makale-ik-yazilimi-secim-rehberi-2026.html
Added sitemap url: https://www.cadro.io/de/makale-ik-yazilimi-secim-rehberi-2026.html
Published posts in this run (lang=de): 1
Created article: ar/makale-ik-yazilimi-secim-rehberi-2026.html
Inserted blog card: ar/makale-ik-yazilimi-secim-rehberi-2026.html
Added sitemap url: https://www.cadro.io/ar/makale-ik-yazilimi-secim-rehberi-2026.html
Published posts in this run (lang=ar): 1
Created article: makale-personel-takip-programi-nedir.html
Inserted blog card: makale-personel-takip-programi-nedir.html
Added sitemap url: https://www.cadro.io/makale-personel-takip-programi-nedir.html
Published posts in this run (lang=tr): 1
Created article: en/makale-personel-takip-programi-nedir.html
Inserted blog card: en/makale-personel-takip-programi-nedir.html
Added sitemap url: https://www.cadro.io/en/makale-personel-takip-programi-nedir.html
Published posts in this run (lang=en): 1
Created article: de/makale-personel-takip-programi-nedir.html
Inserted blog card: de/makale-personel-takip-programi-nedir.html
Added sitemap url: https://www.cadro.io/de/makale-personel-takip-programi-nedir.html
Published posts in this run (lang=de): 1
Created article: ar/makale-personel-takip-programi-nedir.html
Inserted blog card: ar/makale-personel-takip-programi-nedir.html
Added sitemap url: https://www.cadro.io/ar/makale-personel-takip-programi-nedir.html
Published posts in this run (lang=ar): 1
Created article: makale-ise-alim-yazilimi-ats-kontrol-listesi.html
Inserted blog card: makale-ise-alim-yazilimi-ats-kontrol-listesi.html
Added sitemap url: https://www.cadro.io/makale-ise-alim-yazilimi-ats-kontrol-listesi.html
Published posts in this run (lang=tr): 1
Created article: en/makale-ise-alim-yazilimi-ats-kontrol-listesi.html
Inserted blog card: en/makale-ise-alim-yazilimi-ats-kontrol-listesi.html
Added sitemap url: https://www.cadro.io/en/makale-ise-alim-yazilimi-ats-kontrol-listesi.html
Published posts in this run (lang=en): 1
Created article: de/makale-ise-alim-yazilimi-ats-kontrol-listesi.html
Inserted blog card: de/makale-ise-alim-yazilimi-ats-kontrol-listesi.html
Added sitemap url: https://www.cadro.io/de/makale-ise-alim-yazilimi-ats-kontrol-listesi.html
Published posts in this run (lang=de): 1
Created article: ar/makale-ise-alim-yazilimi-ats-kontrol-listesi.html
Inserted blog card: ar/makale-ise-alim-yazilimi-ats-kontrol-listesi.html
Added sitemap url: https://www.cadro.io/ar/makale-ise-alim-yazilimi-ats-kontrol-listesi.html
Published posts in this run (lang=ar): 1
Created article: makale-ik-analitigi-12-kpi.html
Inserted blog card: makale-ik-analitigi-12-kpi.html
Added sitemap url: https://www.cadro.io/makale-ik-analitigi-12-kpi.html
Published posts in this run (lang=tr): 1
Created article: en/makale-ik-analitigi-12-kpi.html
Inserted blog card: en/makale-ik-analitigi-12-kpi.html
Added sitemap url: https://www.cadro.io/en/makale-ik-analitigi-12-kpi.html
Published posts in this run (lang=en): 1
Created article: de/makale-ik-analitigi-12-kpi.html
Inserted blog card: de/makale-ik-analitigi-12-kpi.html
Added sitemap url: https://www.cadro.io/de/makale-ik-analitigi-12-kpi.html
Published posts in this run (lang=de): 1
Created article: ar/makale-ik-analitigi-12-kpi.html
Inserted blog card: ar/makale-ik-analitigi-12-kpi.html
Added sitemap url: https://www.cadro.io/ar/makale-ik-analitigi-12-kpi.html
Published posts in this run (lang=ar): 1
Created article: makale-ik-roi-hesaplama-formulu.html
Inserted blog card: makale-ik-roi-hesaplama-formulu.html
Added sitemap url: https://www.cadro.io/makale-ik-roi-hesaplama-formulu.html
Published posts in this run (lang=tr): 1
Created article: en/makale-ik-roi-hesaplama-formulu.html
Inserted blog card: en/makale-ik-roi-hesaplama-formulu.html
Added sitemap url: https://www.cadro.io/en/makale-ik-roi-hesaplama-formulu.html
Published posts in this run (lang=en): 1
Created article: de/makale-ik-roi-hesaplama-formulu.html
Inserted blog card: de/makale-ik-roi-hesaplama-formulu.html
Added sitemap url: https://www.cadro.io/de/makale-ik-roi-hesaplama-formulu.html
Published posts in this run (lang=de): 1
Created article: ar/makale-ik-roi-hesaplama-formulu.html
Inserted blog card: ar/makale-ik-roi-hesaplama-formulu.html
Added sitemap url: https://www.cadro.io/ar/makale-ik-roi-hesaplama-formulu.html
Published posts in this run (lang=ar): 1
Created article: makale-pdks-secim-kriterleri.html
Inserted blog card: makale-pdks-secim-kriterleri.html
Added sitemap url: https://www.cadro.io/makale-pdks-secim-kriterleri.html
Published posts in this run (lang=tr): 1
Created article: en/makale-pdks-secim-kriterleri.html
Inserted blog card: en/makale-pdks-secim-kriterleri.html
Added sitemap url: https://www.cadro.io/en/makale-pdks-secim-kriterleri.html
Published posts in this run (lang=en): 1
Created article: de/makale-pdks-secim-kriterleri.html
Inserted blog card: de/makale-pdks-secim-kriterleri.html
Added sitemap url: https://www.cadro.io/de/makale-pdks-secim-kriterleri.html
Published posts in this run (lang=de): 1
Created article: ar/makale-pdks-secim-kriterleri.html
Inserted blog card: ar/makale-pdks-secim-kriterleri.html
Added sitemap url: https://www.cadro.io/ar/makale-pdks-secim-kriterleri.html
Published posts in this run (lang=ar): 1
Created article: makale-bordro-yazilimi-entegrasyon-listesi.html
Inserted blog card: makale-bordro-yazilimi-entegrasyon-listesi.html
Added sitemap url: https://www.cadro.io/makale-bordro-yazilimi-entegrasyon-listesi.html
Published posts in this run (lang=tr): 1
Created article: en/makale-bordro-yazilimi-entegrasyon-listesi.html
Inserted blog card: en/makale-bordro-yazilimi-entegrasyon-listesi.html
Added sitemap url: https://www.cadro.io/en/makale-bordro-yazilimi-entegrasyon-listesi.html
Published posts in this run (lang=en): 1
Created article: de/makale-bordro-yazilimi-entegrasyon-listesi.html
Inserted blog card: de/makale-bordro-yazilimi-entegrasyon-listesi.html
Added sitemap url: https://www.cadro.io/de/makale-bordro-yazilimi-entegrasyon-listesi.html
Published posts in this run (lang=de): 1
Created article: ar/makale-bordro-yazilimi-entegrasyon-listesi.html
Inserted blog card: ar/makale-bordro-yazilimi-entegrasyon-listesi.html
Added sitemap url: https://www.cadro.io/ar/makale-bordro-yazilimi-entegrasyon-listesi.html
Published posts in this run (lang=ar): 1
Created article: makale-ucret-degerlendirme-sureci.html
Inserted blog card: makale-ucret-degerlendirme-sureci.html
Added sitemap url: https://www.cadro.io/makale-ucret-degerlendirme-sureci.html
Published posts in this run (lang=tr): 1
Created article: en/makale-ucret-degerlendirme-sureci.html
Inserted blog card: en/makale-ucret-degerlendirme-sureci.html
Added sitemap url: https://www.cadro.io/en/makale-ucret-degerlendirme-sureci.html
Published posts in this run (lang=en): 1
Created article: de/makale-ucret-degerlendirme-sureci.html
Inserted blog card: de/makale-ucret-degerlendirme-sureci.html
Added sitemap url: https://www.cadro.io/de/makale-ucret-degerlendirme-sureci.html
Published posts in this run (lang=de): 1
Created article: ar/makale-ucret-degerlendirme-sureci.html
Inserted blog card: ar/makale-ucret-degerlendirme-sureci.html
Added sitemap url: https://www.cadro.io/ar/makale-ucret-degerlendirme-sureci.html
Published posts in this run (lang=ar): 1
Created article: makale-izin-yonetimi-hatalari.html
Inserted blog card: makale-izin-yonetimi-hatalari.html
Added sitemap url: https://www.cadro.io/makale-izin-yonetimi-hatalari.html
Published posts in this run (lang=tr): 1
Created article: en/makale-izin-yonetimi-hatalari.html
Inserted blog card: en/makale-izin-yonetimi-hatalari.html
Added sitemap url: https://www.cadro.io/en/makale-izin-yonetimi-hatalari.html
Published posts in this run (lang=en): 1
Created article: de/makale-izin-yonetimi-hatalari.html
Inserted blog card: de/makale-izin-yonetimi-hatalari.html
Added sitemap url: https://www.cadro.io/de/makale-izin-yonetimi-hatalari.html
Published posts in this run (lang=de): 1
Created article: ar/makale-izin-yonetimi-hatalari.html
Inserted blog card: ar/makale-izin-yonetimi-hatalari.html
Added sitemap url: https://www.cadro.io/ar/makale-izin-yonetimi-hatalari.html
Published posts in this run (lang=ar): 1
Created article: makale-puantaj-ve-vardiya-optimizasyonu.html
Inserted blog card: makale-puantaj-ve-vardiya-optimizasyonu.html
Added sitemap url: https://www.cadro.io/makale-puantaj-ve-vardiya-optimizasyonu.html
Published posts in this run (lang=tr): 1
Created article: en/makale-puantaj-ve-vardiya-optimizasyonu.html
Inserted blog card: en/makale-puantaj-ve-vardiya-optimizasyonu.html
Added sitemap url: https://www.cadro.io/en/makale-puantaj-ve-vardiya-optimizasyonu.html
Published posts in this run (lang=en): 1
Created article: de/makale-puantaj-ve-vardiya-optimizasyonu.html
Inserted blog card: de/makale-puantaj-ve-vardiya-optimizasyonu.html
Added sitemap url: https://www.cadro.io/de/makale-puantaj-ve-vardiya-optimizasyonu.html
Published posts in this run (lang=de): 1
Created article: ar/makale-puantaj-ve-vardiya-optimizasyonu.html
Inserted blog card: ar/makale-puantaj-ve-vardiya-optimizasyonu.html
Added sitemap url: https://www.cadro.io/ar/makale-puantaj-ve-vardiya-optimizasyonu.html
Published posts in this run (lang=ar): 1
Created article: makale-kobi-icin-ik-programi.html
Inserted blog card: makale-kobi-icin-ik-programi.html
Added sitemap url: https://www.cadro.io/makale-kobi-icin-ik-programi.html
Published posts in this run (lang=tr): 1
Created article: en/makale-kobi-icin-ik-programi.html
Inserted blog card: en/makale-kobi-icin-ik-programi.html
Added sitemap url: https://www.cadro.io/en/makale-kobi-icin-ik-programi.html
Published posts in this run (lang=en): 1
Created article: de/makale-kobi-icin-ik-programi.html
Inserted blog card: de/makale-kobi-icin-ik-programi.html
Added sitemap url: https://www.cadro.io/de/makale-kobi-icin-ik-programi.html
Published posts in this run (lang=de): 1
Created article: ar/makale-kobi-icin-ik-programi.html
Inserted blog card: ar/makale-kobi-icin-ik-programi.html
Added sitemap url: https://www.cadro.io/ar/makale-kobi-icin-ik-programi.html
Published posts in this run (lang=ar): 1
Created article: makale-ise-alim-sureci-kpi-metrikleri.html
Inserted blog card: makale-ise-alim-sureci-kpi-metrikleri.html
Added sitemap url: https://www.cadro.io/makale-ise-alim-sureci-kpi-metrikleri.html
Published posts in this run (lang=tr): 1
Created article: en/makale-ise-alim-sureci-kpi-metrikleri.html
Inserted blog card: en/makale-ise-alim-sureci-kpi-metrikleri.html
Added sitemap url: https://www.cadro.io/en/makale-ise-alim-sureci-kpi-metrikleri.html
Published posts in this run (lang=en): 1
Created article: de/makale-ise-alim-sureci-kpi-metrikleri.html
Inserted blog card: de/makale-ise-alim-sureci-kpi-metrikleri.html
Added sitemap url: https://www.cadro.io/de/makale-ise-alim-sureci-kpi-metrikleri.html
Published posts in this run (lang=de): 1
Created article: ar/makale-ise-alim-sureci-kpi-metrikleri.html
Inserted blog card: ar/makale-ise-alim-sureci-kpi-metrikleri.html
Added sitemap url: https://www.cadro.io/ar/makale-ise-alim-sureci-kpi-metrikleri.html
Published posts in this run (lang=ar): 1
Created article: makale-performans-yonetimi-okr-modeli.html
Inserted blog card: makale-performans-yonetimi-okr-modeli.html
Added sitemap url: https://www.cadro.io/makale-performans-yonetimi-okr-modeli.html
Published posts in this run (lang=tr): 1
Created article: en/makale-performans-yonetimi-okr-modeli.html
Inserted blog card: en/makale-performans-yonetimi-okr-modeli.html
Added sitemap url: https://www.cadro.io/en/makale-performans-yonetimi-okr-modeli.html
Published posts in this run (lang=en): 1
Created article: de/makale-performans-yonetimi-okr-modeli.html
Inserted blog card: de/makale-performans-yonetimi-okr-modeli.html
Added sitemap url: https://www.cadro.io/de/makale-performans-yonetimi-okr-modeli.html
Published posts in this run (lang=de): 1
Created article: ar/makale-performans-yonetimi-okr-modeli.html
Inserted blog card: ar/makale-performans-yonetimi-okr-modeli.html
Added sitemap url: https://www.cadro.io/ar/makale-performans-yonetimi-okr-modeli.html
Published posts in this run (lang=ar): 1
Created article: makale-dijital-ozluk-donusu-suresi.html
Inserted blog card: makale-dijital-ozluk-donusu-suresi.html
Added sitemap url: https://www.cadro.io/makale-dijital-ozluk-donusu-suresi.html
Published posts in this run (lang=tr): 1
Created article: en/makale-dijital-ozluk-donusu-suresi.html
Inserted blog card: en/makale-dijital-ozluk-donusu-suresi.html
Added sitemap url: https://www.cadro.io/en/makale-dijital-ozluk-donusu-suresi.html
Published posts in this run (lang=en): 1
Created article: de/makale-dijital-ozluk-donusu-suresi.html
Inserted blog card: de/makale-dijital-ozluk-donusu-suresi.html
Added sitemap url: https://www.cadro.io/de/makale-dijital-ozluk-donusu-suresi.html
Published posts in this run (lang=de): 1
Created article: ar/makale-dijital-ozluk-donusu-suresi.html
Inserted blog card: ar/makale-dijital-ozluk-donusu-suresi.html
Added sitemap url: https://www.cadro.io/ar/makale-dijital-ozluk-donusu-suresi.html
Published posts in this run (lang=ar): 1
Created article: makale-insan-kaynaklari-yazilimi-fiyatlama-modeli.html
Inserted blog card: makale-insan-kaynaklari-yazilimi-fiyatlama-modeli.html
Added sitemap url: https://www.cadro.io/makale-insan-kaynaklari-yazilimi-fiyatlama-modeli.html
Published posts in this run (lang=tr): 1
Created article: en/makale-insan-kaynaklari-yazilimi-fiyatlama-modeli.html
Inserted blog card: en/makale-insan-kaynaklari-yazilimi-fiyatlama-modeli.html
Added sitemap url: https://www.cadro.io/en/makale-insan-kaynaklari-yazilimi-fiyatlama-modeli.html
Published posts in this run (lang=en): 1
Created article: de/makale-insan-kaynaklari-yazilimi-fiyatlama-modeli.html
Inserted blog card: de/makale-insan-kaynaklari-yazilimi-fiyatlama-modeli.html
Added sitemap url: https://www.cadro.io/de/makale-insan-kaynaklari-yazilimi-fiyatlama-modeli.html
Published posts in this run (lang=de): 1
Created article: ar/makale-insan-kaynaklari-yazilimi-fiyatlama-modeli.html
Inserted blog card: ar/makale-insan-kaynaklari-yazilimi-fiyatlama-modeli.html
Added sitemap url: https://www.cadro.io/ar/makale-insan-kaynaklari-yazilimi-fiyatlama-modeli.html
Published posts in this run (lang=ar): 1
Created article: makale-hr-yazilimi-global-lokal-fark.html
Inserted blog card: makale-hr-yazilimi-global-lokal-fark.html
Added sitemap url: https://www.cadro.io/makale-hr-yazilimi-global-lokal-fark.html
Published posts in this run (lang=tr): 1
Created article: en/makale-hr-yazilimi-global-lokal-fark.html
Inserted blog card: en/makale-hr-yazilimi-global-lokal-fark.html
Added sitemap url: https://www.cadro.io/en/makale-hr-yazilimi-global-lokal-fark.html
Published posts in this run (lang=en): 1
Created article: de/makale-hr-yazilimi-global-lokal-fark.html
Inserted blog card: de/makale-hr-yazilimi-global-lokal-fark.html
Added sitemap url: https://www.cadro.io/de/makale-hr-yazilimi-global-lokal-fark.html
Published posts in this run (lang=de): 1
Created article: ar/makale-hr-yazilimi-global-lokal-fark.html
Inserted blog card: ar/makale-hr-yazilimi-global-lokal-fark.html
Added sitemap url: https://www.cadro.io/ar/makale-hr-yazilimi-global-lokal-fark.html
Published posts in this run (lang=ar): 1
Created article: makale-personel-takip-programi-kurulum-rehberi.html
Inserted blog card: makale-personel-takip-programi-kurulum-rehberi.html
Added sitemap url: https://www.cadro.io/makale-personel-takip-programi-kurulum-rehberi.html
Published posts in this run (lang=tr): 1
Created article: en/makale-personel-takip-programi-kurulum-rehberi.html
Inserted blog card: en/makale-personel-takip-programi-kurulum-rehberi.html
Added sitemap url: https://www.cadro.io/en/makale-personel-takip-programi-kurulum-rehberi.html
Published posts in this run (lang=en): 1
Created article: de/makale-personel-takip-programi-kurulum-rehberi.html
Inserted blog card: de/makale-personel-takip-programi-kurulum-rehberi.html
Added sitemap url: https://www.cadro.io/de/makale-personel-takip-programi-kurulum-rehberi.html
Published posts in this run (lang=de): 1
Created article: ar/makale-personel-takip-programi-kurulum-rehberi.html
Inserted blog card: ar/makale-personel-takip-programi-kurulum-rehberi.html
Added sitemap url: https://www.cadro.io/ar/makale-personel-takip-programi-kurulum-rehberi.html
Published posts in this run (lang=ar): 1
Created article: makale-ik-raporlama-dashboard-kurgusu.html
Inserted blog card: makale-ik-raporlama-dashboard-kurgusu.html
Added sitemap url: https://www.cadro.io/makale-ik-raporlama-dashboard-kurgusu.html
Published posts in this run (lang=tr): 1
Created article: en/makale-ik-raporlama-dashboard-kurgusu.html
Inserted blog card: en/makale-ik-raporlama-dashboard-kurgusu.html
Added sitemap url: https://www.cadro.io/en/makale-ik-raporlama-dashboard-kurgusu.html
Published posts in this run (lang=en): 1
Created article: de/makale-ik-raporlama-dashboard-kurgusu.html
Inserted blog card: de/makale-ik-raporlama-dashboard-kurgusu.html
Added sitemap url: https://www.cadro.io/de/makale-ik-raporlama-dashboard-kurgusu.html
Published posts in this run (lang=de): 1
Created article: ar/makale-ik-raporlama-dashboard-kurgusu.html
Inserted blog card: ar/makale-ik-raporlama-dashboard-kurgusu.html
Added sitemap url: https://www.cadro.io/ar/makale-ik-raporlama-dashboard-kurgusu.html
Published posts in this run (lang=ar): 1
Created article: makale-ucret-adaleti-ve-analitik.html
Inserted blog card: makale-ucret-adaleti-ve-analitik.html
Added sitemap url: https://www.cadro.io/makale-ucret-adaleti-ve-analitik.html
Published posts in this run (lang=tr): 1
Created article: en/makale-ucret-adaleti-ve-analitik.html
Inserted blog card: en/makale-ucret-adaleti-ve-analitik.html
Added sitemap url: https://www.cadro.io/en/makale-ucret-adaleti-ve-analitik.html
Published posts in this run (lang=en): 1
Created article: de/makale-ucret-adaleti-ve-analitik.html
Inserted blog card: de/makale-ucret-adaleti-ve-analitik.html
Added sitemap url: https://www.cadro.io/de/makale-ucret-adaleti-ve-analitik.html
Published posts in this run (lang=de): 1
Created article: ar/makale-ucret-adaleti-ve-analitik.html
Inserted blog card: ar/makale-ucret-adaleti-ve-analitik.html
Added sitemap url: https://www.cadro.io/ar/makale-ucret-adaleti-ve-analitik.html
Published posts in this run (lang=ar): 1
Created article: makale-ik-roi-hesaplama-ornek-senaryolar.html
Inserted blog card: makale-ik-roi-hesaplama-ornek-senaryolar.html
Added sitemap url: https://www.cadro.io/makale-ik-roi-hesaplama-ornek-senaryolar.html
Published posts in this run (lang=tr): 1
Created article: en/makale-ik-roi-hesaplama-ornek-senaryolar.html
Inserted blog card: en/makale-ik-roi-hesaplama-ornek-senaryolar.html
Added sitemap url: https://www.cadro.io/en/makale-ik-roi-hesaplama-ornek-senaryolar.html
Published posts in this run (lang=en): 1
Created article: de/makale-ik-roi-hesaplama-ornek-senaryolar.html
Inserted blog card: de/makale-ik-roi-hesaplama-ornek-senaryolar.html
Added sitemap url: https://www.cadro.io/de/makale-ik-roi-hesaplama-ornek-senaryolar.html
Published posts in this run (lang=de): 1
Created article: ar/makale-ik-roi-hesaplama-ornek-senaryolar.html
Inserted blog card: ar/makale-ik-roi-hesaplama-ornek-senaryolar.html
Added sitemap url: https://www.cadro.io/ar/makale-ik-roi-hesaplama-ornek-senaryolar.html
Published posts in this run (lang=ar): 1
Created article: makale-pdks-ile-bordro-entegrasyonu.html
Inserted blog card: makale-pdks-ile-bordro-entegrasyonu.html
Added sitemap url: https://www.cadro.io/makale-pdks-ile-bordro-entegrasyonu.html
Published posts in this run (lang=tr): 1
Created article: en/makale-pdks-ile-bordro-entegrasyonu.html
Inserted blog card: en/makale-pdks-ile-bordro-entegrasyonu.html
Added sitemap url: https://www.cadro.io/en/makale-pdks-ile-bordro-entegrasyonu.html
Published posts in this run (lang=en): 1
Created article: de/makale-pdks-ile-bordro-entegrasyonu.html
Inserted blog card: de/makale-pdks-ile-bordro-entegrasyonu.html
Added sitemap url: https://www.cadro.io/de/makale-pdks-ile-bordro-entegrasyonu.html
Published posts in this run (lang=de): 1
Created article: ar/makale-pdks-ile-bordro-entegrasyonu.html
Inserted blog card: ar/makale-pdks-ile-bordro-entegrasyonu.html
Added sitemap url: https://www.cadro.io/ar/makale-pdks-ile-bordro-entegrasyonu.html
Published posts in this run (lang=ar): 1
Created article: makale-ise-alim-yazilimi-aday-deneyimi.html
Inserted blog card: makale-ise-alim-yazilimi-aday-deneyimi.html
Added sitemap url: https://www.cadro.io/makale-ise-alim-yazilimi-aday-deneyimi.html
Published posts in this run (lang=tr): 1
Created article: en/makale-ise-alim-yazilimi-aday-deneyimi.html
Inserted blog card: en/makale-ise-alim-yazilimi-aday-deneyimi.html
Added sitemap url: https://www.cadro.io/en/makale-ise-alim-yazilimi-aday-deneyimi.html
Published posts in this run (lang=en): 1
Created article: de/makale-ise-alim-yazilimi-aday-deneyimi.html
Inserted blog card: de/makale-ise-alim-yazilimi-aday-deneyimi.html
Added sitemap url: https://www.cadro.io/de/makale-ise-alim-yazilimi-aday-deneyimi.html
Published posts in this run (lang=de): 1
Created article: ar/makale-ise-alim-yazilimi-aday-deneyimi.html
Inserted blog card: ar/makale-ise-alim-yazilimi-aday-deneyimi.html
Added sitemap url: https://www.cadro.io/ar/makale-ise-alim-yazilimi-aday-deneyimi.html
Published posts in this run (lang=ar): 1
Created article: makale-insan-kaynaklari-yazilimi-kvkk-kontrol-listesi.html
Inserted blog card: makale-insan-kaynaklari-yazilimi-kvkk-kontrol-listesi.html
Added sitemap url: https://www.cadro.io/makale-insan-kaynaklari-yazilimi-kvkk-kontrol-listesi.html
Published posts in this run (lang=tr): 1
Created article: en/makale-insan-kaynaklari-yazilimi-kvkk-kontrol-listesi.html
Inserted blog card: en/makale-insan-kaynaklari-yazilimi-kvkk-kontrol-listesi.html
Added sitemap url: https://www.cadro.io/en/makale-insan-kaynaklari-yazilimi-kvkk-kontrol-listesi.html
Published posts in this run (lang=en): 1
Created article: de/makale-insan-kaynaklari-yazilimi-kvkk-kontrol-listesi.html
Inserted blog card: de/makale-insan-kaynaklari-yazilimi-kvkk-kontrol-listesi.html
Added sitemap url: https://www.cadro.io/de/makale-insan-kaynaklari-yazilimi-kvkk-kontrol-listesi.html
Published posts in this run (lang=de): 1
Created article: ar/makale-insan-kaynaklari-yazilimi-kvkk-kontrol-listesi.html
Inserted blog card: ar/makale-insan-kaynaklari-yazilimi-kvkk-kontrol-listesi.html
Added sitemap url: https://www.cadro.io/ar/makale-insan-kaynaklari-yazilimi-kvkk-kontrol-listesi.html
Published posts in this run (lang=ar): 1
Created article: makale-ik-yazilimi-uygulama-takvimi-90-gun.html
Inserted blog card: makale-ik-yazilimi-uygulama-takvimi-90-gun.html
Added sitemap url: https://www.cadro.io/makale-ik-yazilimi-uygulama-takvimi-90-gun.html
Published posts in this run (lang=tr): 1
Created article: en/makale-ik-yazilimi-uygulama-takvimi-90-gun.html
Inserted blog card: en/makale-ik-yazilimi-uygulama-takvimi-90-gun.html
Added sitemap url: https://www.cadro.io/en/makale-ik-yazilimi-uygulama-takvimi-90-gun.html
Published posts in this run (lang=en): 1
Created article: de/makale-ik-yazilimi-uygulama-takvimi-90-gun.html
Inserted blog card: de/makale-ik-yazilimi-uygulama-takvimi-90-gun.html
Added sitemap url: https://www.cadro.io/de/makale-ik-yazilimi-uygulama-takvimi-90-gun.html
Published posts in this run (lang=de): 1
Created article: ar/makale-ik-yazilimi-uygulama-takvimi-90-gun.html
Inserted blog card: ar/makale-ik-yazilimi-uygulama-takvimi-90-gun.html
Added sitemap url: https://www.cadro.io/ar/makale-ik-yazilimi-uygulama-takvimi-90-gun.html
Published posts in this run (lang=ar): 1
Created article: makale-hr-yazilimi-maliyet-hesabi.html
Inserted blog card: makale-hr-yazilimi-maliyet-hesabi.html
Added sitemap url: https://www.cadro.io/makale-hr-yazilimi-maliyet-hesabi.html
Published posts in this run (lang=tr): 1
Created article: en/makale-hr-yazilimi-maliyet-hesabi.html
Inserted blog card: en/makale-hr-yazilimi-maliyet-hesabi.html
Added sitemap url: https://www.cadro.io/en/makale-hr-yazilimi-maliyet-hesabi.html
Published posts in this run (lang=en): 1
Created article: de/makale-hr-yazilimi-maliyet-hesabi.html
Inserted blog card: de/makale-hr-yazilimi-maliyet-hesabi.html
Added sitemap url: https://www.cadro.io/de/makale-hr-yazilimi-maliyet-hesabi.html
Published posts in this run (lang=de): 1
Created article: ar/makale-hr-yazilimi-maliyet-hesabi.html
Inserted blog card: ar/makale-hr-yazilimi-maliyet-hesabi.html
Added sitemap url: https://www.cadro.io/ar/makale-hr-yazilimi-maliyet-hesabi.html
Published posts in this run (lang=ar): 1
Created article: makale-performans-ve-prim-modeli.html
Inserted blog card: makale-performans-ve-prim-modeli.html
Added sitemap url: https://www.cadro.io/makale-performans-ve-prim-modeli.html
Published posts in this run (lang=tr): 1
Created article: en/makale-performans-ve-prim-modeli.html
Inserted blog card: en/makale-performans-ve-prim-modeli.html
Added sitemap url: https://www.cadro.io/en/makale-performans-ve-prim-modeli.html
Published posts in this run (lang=en): 1
Created article: de/makale-performans-ve-prim-modeli.html
Inserted blog card: de/makale-performans-ve-prim-modeli.html
Added sitemap url: https://www.cadro.io/de/makale-performans-ve-prim-modeli.html
Published posts in this run (lang=de): 1
Created article: ar/makale-performans-ve-prim-modeli.html
Inserted blog card: ar/makale-performans-ve-prim-modeli.html
Added sitemap url: https://www.cadro.io/ar/makale-performans-ve-prim-modeli.html
Published posts in this run (lang=ar): 1
Created article: makale-ucret-degerlendirme-ve-piyasa-karsilastirmasi.html
Inserted blog card: makale-ucret-degerlendirme-ve-piyasa-karsilastirmasi.html
Added sitemap url: https://www.cadro.io/makale-ucret-degerlendirme-ve-piyasa-karsilastirmasi.html
Published posts in this run (lang=tr): 1
Created article: en/makale-ucret-degerlendirme-ve-piyasa-karsilastirmasi.html
Inserted blog card: en/makale-ucret-degerlendirme-ve-piyasa-karsilastirmasi.html
Added sitemap url: https://www.cadro.io/en/makale-ucret-degerlendirme-ve-piyasa-karsilastirmasi.html
Published posts in this run (lang=en): 1
Created article: de/makale-ucret-degerlendirme-ve-piyasa-karsilastirmasi.html
Inserted blog card: de/makale-ucret-degerlendirme-ve-piyasa-karsilastirmasi.html
Added sitemap url: https://www.cadro.io/de/makale-ucret-degerlendirme-ve-piyasa-karsilastirmasi.html
Published posts in this run (lang=de): 1
Created article: ar/makale-ucret-degerlendirme-ve-piyasa-karsilastirmasi.html
Inserted blog card: ar/makale-ucret-degerlendirme-ve-piyasa-karsilastirmasi.html
Added sitemap url: https://www.cadro.io/ar/makale-ucret-degerlendirme-ve-piyasa-karsilastirmasi.html
Published posts in this run (lang=ar): 1
Created article: makale-ik-analitigi-raporlama-sik-hatalar.html
Inserted blog card: makale-ik-analitigi-raporlama-sik-hatalar.html
Added sitemap url: https://www.cadro.io/makale-ik-analitigi-raporlama-sik-hatalar.html
Published posts in this run (lang=tr): 1
Created article: en/makale-ik-analitigi-raporlama-sik-hatalar.html
Inserted blog card: en/makale-ik-analitigi-raporlama-sik-hatalar.html
Added sitemap url: https://www.cadro.io/en/makale-ik-analitigi-raporlama-sik-hatalar.html
Published posts in this run (lang=en): 1
Created article: de/makale-ik-analitigi-raporlama-sik-hatalar.html
Inserted blog card: de/makale-ik-analitigi-raporlama-sik-hatalar.html
Added sitemap url: https://www.cadro.io/de/makale-ik-analitigi-raporlama-sik-hatalar.html
Published posts in this run (lang=de): 1
Created article: ar/makale-ik-analitigi-raporlama-sik-hatalar.html
Inserted blog card: ar/makale-ik-analitigi-raporlama-sik-hatalar.html
Added sitemap url: https://www.cadro.io/ar/makale-ik-analitigi-raporlama-sik-hatalar.html
Published posts in this run (lang=ar): 1
Created article: makale-pdks-ve-uzaktan-calisma-yonetimi.html
Inserted blog card: makale-pdks-ve-uzaktan-calisma-yonetimi.html
Added sitemap url: https://www.cadro.io/makale-pdks-ve-uzaktan-calisma-yonetimi.html
Published posts in this run (lang=tr): 1
Created article: en/makale-pdks-ve-uzaktan-calisma-yonetimi.html
Inserted blog card: en/makale-pdks-ve-uzaktan-calisma-yonetimi.html
Added sitemap url: https://www.cadro.io/en/makale-pdks-ve-uzaktan-calisma-yonetimi.html
Published posts in this run (lang=en): 1
Created article: de/makale-pdks-ve-uzaktan-calisma-yonetimi.html
Inserted blog card: de/makale-pdks-ve-uzaktan-calisma-yonetimi.html
Added sitemap url: https://www.cadro.io/de/makale-pdks-ve-uzaktan-calisma-yonetimi.html
Published posts in this run (lang=de): 1
Created article: ar/makale-pdks-ve-uzaktan-calisma-yonetimi.html
Inserted blog card: ar/makale-pdks-ve-uzaktan-calisma-yonetimi.html
Added sitemap url: https://www.cadro.io/ar/makale-pdks-ve-uzaktan-calisma-yonetimi.html
Published posts in this run (lang=ar): 1
